<?xml version="1.0" encoding="UTF-8"?>
<testsuite xmlns:xsi="http://www.w3.org/2001/XMLSchema-instance" xsi:noNamespaceSchemaLocation="https://maven.apache.org/surefire/maven-surefire-plugin/xsd/surefire-test-report.xsd" version="3.0.2" name="com._BRS1135_q1.bajaj_odd_q1.BajajOddQ1ApplicationTests" time="3.607" tests="1" errors="0" skipped="0" failures="0">
  <properties>
[...]
</properties>
  <testcase name="contextLoads" classname="com._BRS1135_q1.bajaj_odd_q1.BajajOddQ1ApplicationTests" time="0.737">
    <system-out><![CDATA[11:08:12.395 [main] INFO org.springframework.test.context.support.AnnotationConfigContextLoaderUtils -- Could not detect default configuration classes for test class [com._BRS1135_q1.bajaj_odd_q1.BajajOddQ1ApplicationTests]: BajajOddQ1ApplicationTests does not declare any static, non-private, non-final, nested classes annotated with @Configuration.
11:08:12.518 [main] INFO org.springframework.boot.test.context.SpringBootTestContextBootstrapper -- Found @SpringBootConfiguration com._BRS1135_q1.bajaj_odd_q1.BajajOddQ1Application for test class com._BRS1135_q1.bajaj_odd_q1.BajajOddQ1ApplicationTests
11:08:12.765 [main] INFO org.springframework.boot.devtools.restart.RestartApplicationListener -- Restart disabled due to context in which it is running

  .   ____          _            __ _ _
 /\\ / ___'_ __ _ _(_)_ __  __ _ \ \ \ \
( ( )\___ | '_ | '_| | '_ \/ _` | \ \ \ \
 \\/  ___)| |_)| | | | | || (_| |  ) ) ) )
  '  |____| .__|_| |_|_| |_\__, | / / / /
 =========|_|==============|___/=/_/_/_/

 :: Spring Boot ::                (v3.5.5)

2025-08-29T11:08:13.122+05:30  INFO 16964 --- [bajaj_odd_q1] [           main] c._.b.BajajOddQ1ApplicationTests         : Starting BajajOddQ1ApplicationTests using Java 17.0.7 with PID 16964 (started by yahdr in C:\Users\yahdr\Downloads\bajaj_odd_q1\bajaj_odd_q1)
2025-08-29T11:08:13.124+05:30  INFO 16964 --- [bajaj_odd_q1] [           main] c._.b.BajajOddQ1ApplicationTests         : No active profile set, falling back to 1 default profile: "default"
Webhook generated successfully!
Webhook URL: https://bfhldevapigw.healthrx.co.in/hiring/testWebhook/JAVA
SQL Query generated for Question 1 (odd regNo)
Query: SELECT
    p.AMOUNT as SALARY,
    CONCAT(e.FIRST_NAME, ' ', e.LAST_NAME) as NAME,
    TIMESTAMPDIFF(YEAR, e.DOB, CURDATE()) as AGE,
    d.DEPARTMENT_NAME
FROM PAYMENTS p
JOIN EMPLOYEE e ON p.EMP_ID = e.EMP_ID
JOIN DEPARTMENT d ON e.DEPARTMENT = d.DEPARTMENT_ID
WHERE DAY(p.PAYMENT_TIME) != 1
ORDER BY p.AMOUNT DESC
LIMIT 1

Solution submitted successfully!
Response: {"success":true,"message":"Webhook processed successfully"}
2025-08-29T11:08:15.122+05:30  INFO 16964 --- [bajaj_odd_q1] [           main] c._.b.BajajOddQ1ApplicationTests         : Started BajajOddQ1ApplicationTests in 2.371 seconds (process running for 3.583)
]]></system-out>
  </testcase>
</testsuite>